#
# A fatal error has been detected by the Java Runtime Environment:
#
#  EXCEPTION_ACCESS_VIOLATION (0xc0000005) at pc=0x00007ff8fb5a8427, pid=9788, tid=11432
#
# JRE version: OpenJDK Runtime Environment (22.0.2+9) (build 22.0.2+9-70)
# Java VM: OpenJDK 64-Bit Server VM (22.0.2+9-70, mixed mode, sharing, tiered, compressed oops, compressed class ptrs, g1 gc, windows-amd64)
# Problematic frame:
# C  [glass.dll+0x28427]
#
# No core dump will be written. Minidumps are not enabled by default on client versions of Windows
#
# If you would like to submit a bug report, please visit:
#   https://bugreport.java.com/bugreport/crash.jsp
#

---------------  S U M M A R Y ------------

Command Line: --module-path=C:\javafx-sdk-23.0.1\lib --add-modules=javafx.controls,javafx.fxml -javaagent:C:\Program Files\JetBrains\IntelliJ IDEA 2023.1\lib\idea_rt.jar=61521:C:\Program Files\JetBrains\IntelliJ IDEA 2023.1\bin -Dfile.encoding=UTF-8 -Dsun.stdout.encoding=UTF-8 -Dsun.stderr.encoding=UTF-8 Main

Host: Intel(R) Core(TM) i5-1035G1 CPU @ 1.00GHz, 8 cores, 7G,  Windows 10 , 64 bit Build 19041 (10.0.19041.5198)
Time: Fri Dec 27 13:43:28 2024 RTZ 2 (s 10 , 64 bit Build 19041 (10.0.19041.5198) elapsed time: 110.079321 seconds (0d 0h 1m 50s)

---------------  T H R E A D  ---------------

Current thread (0x0000028cb743eca0):  VMThread "VM Thread"          [id=11432, stack(0x000000d47f600000,0x000000d47f700000) (1024K)]

Stack: [0x000000d47f600000,0x000000d47f700000],  sp=0x000000d47f6fefa0,  free space=1019k
Native frames: (J=compiled Java code, j=interpreted, Vv=VM code, C=native code)
C  [glass.dll+0x28427]  (no source info available)
C  [ucrtbase.dll+0x142d6]  (no source info available)
C  [ucrtbase.dll+0x141fb]  (no source info available)
C  [ucrtbase.dll+0x141b4]  (no source info available)
C  [glass.dll+0x25bbd]  (no source info available)
C  [glass.dll+0x25ce2]  (no source info available)
C  [ntdll.dll+0x19a1d]  (no source info available)
C  [ntdll.dll+0x5f1ca]  (no source info available)
C  [ntdll.dll+0x5ef7d]  (no source info available)
C  [KERNEL32.DLL+0x1e3eb]  (no source info available)
C  [ucrtbase.dll+0x205bc]  (no source info available)
C  [ucrtbase.dll+0x2045f]  (no source info available)
V  [jvm.dll+0x6db87b]  (no source info available)
V  [jvm.dll+0x6db3b0]  (no source info available)
V  [jvm.dll+0x3e2314]  (no source info available)
V  [jvm.dll+0x87e0f0]  (no source info available)
V  [jvm.dll+0x87f477]  (no source info available)
V  [jvm.dll+0x87f9f0]  (no source info available)
V  [jvm.dll+0x87fc93]  (no source info available)
V  [jvm.dll+0x81dc0b]  (no source info available)
V  [jvm.dll+0x6e0d85]  (no source info available)
C  [ucrtbase.dll+0x21bb2]  (no source info available)
C  [KERNEL32.DLL+0x17374]  (no source info available)
C  [ntdll.dll+0x4cc91]  (no source info available)


siginfo: EXCEPTION_ACCESS_VIOLATION (0xc0000005), reading address 0x0000000000000000


Registers:
RAX=0x0000000000000000, RBX=0x0000028cb7445c9a, RCX=0x0000028cb743eca0, RDX=0x000000d47f6fefa0
RSP=0x000000d47f6fefa0, RBP=0x0000028cfd98ab28, RSI=0x0000028cfd98ab00, RDI=0x00008594669be619
R8 =0x0000000000010002, R9 =0x00008594669be619, R10=0x0000000000008000, R11=0x000000d47f6fef30
R12=0x00007ff8fb5a5d30, R13=0x00007ff8e6aa4a60, R14=0x000000d47f6ff098, R15=0x0000028cfd98ab00
RIP=0x00007ff8fb5a8427, EFLAGS=0x0000000000010202


Register to memory mapping:

RAX=0x0 is null
RBX=0x0000028cb7445c9a is a global jni handle
RCX=0x0000028cb743eca0 points into unknown readable memory: 0x00007ff8e68a5060 | 60 50 8a e6 f8 7f 00 00
RDX=0x000000d47f6fefa0 points into unknown readable memory: 0x0000000000000000 | 00 00 00 00 00 00 00 00
RSP=0x000000d47f6fefa0 points into unknown readable memory: 0x0000000000000000 | 00 00 00 00 00 00 00 00
RBP=0x0000028cfd98ab28 points into unknown readable memory: 0x00008594669be619 | 19 e6 9b 66 94 85 00 00
RSI=0x0000028cfd98ab00 points into unknown readable memory: 0xf1f63124f69be6e6 | e6 e6 9b f6 24 31 f6 f1
RDI=0x00008594669be619 is an unknown value
R8 =0x0000000000010002 is an unknown value
R9 =0x00008594669be619 is an unknown value
R10=0x0000000000008000 is an unknown value
R11=0x000000d47f6fef30 points into unknown readable memory: 0x0000028cfd98ab00 | 00 ab 98 fd 8c 02 00 00
R12=0x00007ff8fb5a5d30 glass.dll
R13=0x00007ff8e6aa4a60 jvm.dll
R14=0x000000d47f6ff098 points into unknown readable memory: 0x000000d47f6ff080 | 80 f0 6f 7f d4 00 00 00
R15=0x0000028cfd98ab00 points into unknown readable memory: 0xf1f63124f69be6e6 | e6 e6 9b f6 24 31 f6 f1

Top of Stack: (sp=0x000000d47f6fefa0)
0x000000d47f6fefa0:   0000000000000000 0000028cfd98ab00
0x000000d47f6fefb0:   00007ff8e6aa4a60 00007ff8fb5a5d30
0x000000d47f6fefc0:   0000028cfd98ab08 00007ff92e7942d6
0x000000d47f6fefd0:   00008594669be619 0000028c00000000
0x000000d47f6fefe0:   0000028cfd98ab28 0000028cfd98ab00
0x000000d47f6feff0:   fffffffffffffffe 0000000000000000
0x000000d47f6ff000:   0000000000000001 00007ff8fb580000
0x000000d47f6ff010:   000000d47f6ff088 00007ff92e7941fb
0x000000d47f6ff020:   0000000000000000 000000d47f6ff098
0x000000d47f6ff030:   000000d47f6ff370 00007ff92e870e40
0x000000d47f6ff040:   0000000000000001 00007ff92e7941b4
0x000000d47f6ff050:   0000000000000000 0000000000000001
0x000000d47f6ff060:   000000007ffe0385 000000d47f6ff088
0x000000d47f6ff070:   0000000000000000 00007ff8fb5a5bbd
0x000000d47f6ff080:   00007ff8fb5bd078 00007ff800000002
0x000000d47f6ff090:   0000000000000002 000000d47f6ff080
0x000000d47f6ff0a0:   0000000000000000 00007ff930e69993
0x000000d47f6ff0b0:   0000000000000000 00007ff8fb5a5ce2
0x000000d47f6ff0c0:   0000000000000001 0000000000000000
0x000000d47f6ff0d0:   0000000000000010 00007ff92e870e40
0x000000d47f6ff0e0:   00007ff9196ef360 0000000000000000
0x000000d47f6ff0f0:   0000000000000001 00007ff919971b10
0x000000d47f6ff100:   00007ff8fb580000 000000007ffe0384
0x000000d47f6ff110:   0000000000000000 00007ff930e69a1d
0x000000d47f6ff120:   00007ff8fb580000 0000000000000000
0x000000d47f6ff130:   0000000000000001 000000007ffe0385
0x000000d47f6ff140:   0000000000000000 00007ff930eaf331
0x000000d47f6ff150:   0000b71257f03e00 0000000000000014
0x000000d47f6ff160:   00007ff8fb5a5d30 0000000000000000
0x000000d47f6ff170:   0000000000000000 000000d47eacf000
0x000000d47f6ff180:   0000028cfd5ac400 00007ff930eaf1ca
0x000000d47f6ff190:   0000028cfd5ac2b0 00007ff8fb580000 

Instructions: (pc=0x00007ff8fb5a8427)
0x00007ff8fb5a8327:   8b 4d 58 e8 49 cf ff ff 48 8b 4d 60 e8 40 cf ff
0x00007ff8fb5a8337:   ff 48 8b 95 80 00 00 00 48 8b 8d 18 01 00 00 e8
0x00007ff8fb5a8347:   26 c5 ff ff 33 d2 33 c9 e8 8c e1 ff ff 90 48 89
0x00007ff8fb5a8357:   54 24 10 55 48 83 ec 20 48 8b ea 48 b8 00 00 00
0x00007ff8fb5a8367:   00 00 00 00 00 48 83 c4 20 5d c3 cc 40 55 48 8b
0x00007ff8fb5a8377:   ea 48 8b 01 33 c9 81 38 05 00 00 c0 0f 94 c1 8b
0x00007ff8fb5a8387:   c1 5d c3 cc 40 55 48 83 ec 20 48 8b ea 8a 4d 40
0x00007ff8fb5a8397:   48 83 c4 20 5d e9 33 d3 ff ff cc 40 55 48 83 ec
0x00007ff8fb5a83a7:   20 48 8b ea 8a 4d 20 e8 21 d3 ff ff 90 48 83 c4
0x00007ff8fb5a83b7:   20 5d c3 cc 40 55 48 83 ec 20 48 8b ea 48 83 c4
0x00007ff8fb5a83c7:   20 5d e9 82 d1 ff ff cc 40 55 48 83 ec 30 48 8b
0x00007ff8fb5a83d7:   ea 48 8b 01 8b 10 48 89 4c 24 28 89 54 24 20 4c
0x00007ff8fb5a83e7:   8d 0d 23 d6 ff ff 4c 8b 45 70 8b 55 68 48 8b 4d
0x00007ff8fb5a83f7:   60 e8 c3 d0 ff ff 90 48 83 c4 30 5d c3 cc cc cc
0x00007ff8fb5a8407:   cc cc cc cc cc cc cc cc cc 40 53 48 83 ec 20 48
0x00007ff8fb5a8417:   8b 1d 1b 46 01 00 48 85 db 74 16 e8 59 90 ff ff
0x00007ff8fb5a8427:   4c 8b 00 48 8b d3 48 8b c8 41 ff 90 b0 00 00 00
0x00007ff8fb5a8437:   90 48 83 c4 20 5b c3 cc cc 40 53 48 83 ec 20 48
0x00007ff8fb5a8447:   8b 1d 5b 47 01 00 48 85 db 74 57 b8 ff ff ff ff
0x00007ff8fb5a8457:   f0 0f c1 43 10 83 f8 01 75 3d 48 85 db 74 38 48
0x00007ff8fb5a8467:   8b 0b 48 85 c9 74 0d ff 15 3c 0e 00 00 48 c7 03
0x00007ff8fb5a8477:   00 00 00 00 48 8b 4b 08 48 85 c9 74 0d e8 ef cd
0x00007ff8fb5a8487:   ff ff 48 c7 43 08 00 00 00 00 ba 18 00 00 00 48
0x00007ff8fb5a8497:   8b cb e8 da cd ff ff 48 c7 05 ff 46 01 00 00 00
0x00007ff8fb5a84a7:   00 00 48 83 c4 20 5b c3 cc 40 53 48 83 ec 20 48
0x00007ff8fb5a84b7:   8b 1d cb 46 01 00 48 85 db 74 57 b8 ff ff ff ff
0x00007ff8fb5a84c7:   f0 0f c1 43 10 83 f8 01 75 3d 48 85 db 74 38 48
0x00007ff8fb5a84d7:   8b 0b 48 85 c9 74 0d ff 15 cc 0d 00 00 48 c7 03
0x00007ff8fb5a84e7:   00 00 00 00 48 8b 4b 08 48 85 c9 74 0d e8 7f cd
0x00007ff8fb5a84f7:   ff ff 48 c7 43 08 00 00 00 00 ba 18 00 00 00 48
0x00007ff8fb5a8507:   8b cb e8 6a cd ff ff 48 c7 05 6f 46 01 00 00 00
0x00007ff8fb5a8517:   00 00 48 83 c4 20 5b c3 cc 40 53 48 83 ec 20 48 


Stack slot to memory mapping:

stack at sp + 0 slots: 0x0 is null
stack at sp + 1 slots: 0x0000028cfd98ab00 points into unknown readable memory: 0xf1f63124f69be6e6 | e6 e6 9b f6 24 31 f6 f1
stack at sp + 2 slots: 0x00007ff8e6aa4a60 jvm.dll
stack at sp + 3 slots: 0x00007ff8fb5a5d30 glass.dll
stack at sp + 4 slots: 0x0000028cfd98ab08 points into unknown readable memory: 0x00008594669be619 | 19 e6 9b 66 94 85 00 00
stack at sp + 5 slots: 0x00007ff92e7942d6 ucrtbase.dll
stack at sp + 6 slots: 0x00008594669be619 is an unknown value
stack at sp + 7 slots: 0x0000028c00000000 is an unknown value

VM_Operation (0x000000d4000fee30): Exit, mode: safepoint, requested by thread 0x0000028cfe1a8160


---------------  P R O C E S S  ---------------

Threads class SMR info:
_java_thread_list=0x0000028cfe64e300, length=19, elements={
0x0000028c98be3680, 0x0000028cb745d520, 0x0000028cb745e530, 0x0000028cb7464ac0,
0x0000028cb7466720, 0x0000028cb746b4f0, 0x0000028cb746f820, 0x0000028cb7473e90,
0x0000028cb746ae60, 0x0000028cb746a7d0, 0x0000028cb746a140, 0x0000028cb746bb80,
0x0000028cb7469ab0, 0x0000028cb746cf30, 0x0000028cb746c210, 0x0000028cb746c8a0,
0x0000028cfe1a8e80, 0x0000028cfe1a5370, 0x0000028cfe1a8160
}

Java Threads: ( => current thread )
  0x0000028c98be3680 JavaThread "main"                              [_thread_blocked, id=12388, stack(0x000000d47ef00000,0x000000d47f000000) (1024K)]
  0x0000028cb745d520 JavaThread "Reference Handler"          daemon [_thread_blocked, id=13736, stack(0x000000d47f700000,0x000000d47f800000) (1024K)]
  0x0000028cb745e530 JavaThread "Finalizer"                  daemon [_thread_blocked, id=14236, stack(0x000000d47f800000,0x000000d47f900000) (1024K)]
  0x0000028cb7464ac0 JavaThread "Attach Listener"            daemon [_thread_blocked, id=4092, stack(0x000000d47fa00000,0x000000d47fb00000) (1024K)]
  0x0000028cb7466720 JavaThread "Service Thread"             daemon [_thread_blocked, id=2072, stack(0x000000d47fb00000,0x000000d47fc00000) (1024K)]
  0x0000028cb746b4f0 JavaThread "Monitor Deflation Thread"   daemon [_thread_blocked, id=13360, stack(0x000000d47fc00000,0x000000d47fd00000) (1024K)]
  0x0000028cb746f820 JavaThread "C2 CompilerThread0"         daemon [_thread_blocked, id=10568, stack(0x000000d47fd00000,0x000000d47fe00000) (1024K)]
  0x0000028cb7473e90 JavaThread "C1 CompilerThread0"         daemon [_thread_blocked, id=5876, stack(0x000000d47fe00000,0x000000d47ff00000) (1024K)]
  0x0000028cb746ae60 JavaThread "Common-Cleaner"             daemon [_thread_blocked, id=3944, stack(0x000000d47ff00000,0x000000d480000000) (1024K)]
  0x0000028cb746a7d0 JavaThread "Monitor Ctrl-Break"         daemon [_thread_in_native, id=11524, stack(0x000000d400200000,0x000000d400300000) (1024K)]
  0x0000028cb746a140 JavaThread "Notification Thread"        daemon [_thread_blocked, id=1912, stack(0x000000d400300000,0x000000d400400000) (1024K)]
  0x0000028cb746bb80 JavaThread "QuantumRenderer-0"          daemon [_thread_blocked, id=7544, stack(0x000000d400400000,0x000000d400500000) (1024K)]
  0x0000028cb7469ab0 JavaThread "InvokeLaterDispatcher"      daemon [_thread_blocked, id=10760, stack(0x000000d400500000,0x000000d400600000) (1024K)]
  0x0000028cb746cf30 JavaThread "JavaFX Application Thread"         [_thread_in_native, id=1592, stack(0x000000d400600000,0x000000d400700000) (1024K)]
  0x0000028cb746c210 JavaThread "JavaFX-Launcher"                   [_thread_blocked, id=2844, stack(0x000000d400b00000,0x000000d400c00000) (1024K)]
  0x0000028cb746c8a0 JavaThread "Thread-2"                   daemon [_thread_in_native, id=11084, stack(0x000000d400a00000,0x000000d400b00000) (1024K)]
  0x0000028cfe1a8e80 JavaThread "Prism Font Disposer"        daemon [_thread_blocked, id=13236, stack(0x000000d401100000,0x000000d401200000) (1024K)]
  0x0000028cfe1a5370 JavaThread "Cleaner-0"                  daemon [_thread_blocked, id=9664, stack(0x000000d400100000,0x000000d400200000) (1024K)]
  0x0000028cfe1a8160 JavaThread "SIGINT handler"             daemon [_thread_blocked, id=11196, stack(0x000000d400000000,0x000000d400100000) (1024K)]
Total: 19

Other Threads:
=>0x0000028cb743eca0 VMThread "VM Thread"                           [id=11432, stack(0x000000d47f600000,0x000000d47f700000) (1024K)]
  0x0000028c98d3a240 WorkerThread "GC Thread#0"                     [id=8184, stack(0x000000d47f000000,0x000000d47f100000) (1024K)]
  0x0000028c84054c90 WorkerThread "GC Thread#1"                     [id=4064, stack(0x000000d400c00000,0x000000d400d00000) (1024K)]
  0x0000028cfe7a76c0 WorkerThread "GC Thread#2"                     [id=2284, stack(0x000000d400d00000,0x000000d400e00000) (1024K)]
  0x0000028cfe7bac30 WorkerThread "GC Thread#3"                     [id=9384, stack(0x000000d400e00000,0x000000d400f00000) (1024K)]
  0x0000028cfddaba80 WorkerThread "GC Thread#4"                     [id=3904, stack(0x000000d400f00000,0x000000d401000000) (1024K)]
  0x0000028cfddabe30 WorkerThread "GC Thread#5"                     [id=1812, stack(0x000000d401000000,0x000000d401100000) (1024K)]
  0x0000028c8407b660 WorkerThread "GC Thread#6"                     [id=10684, stack(0x000000d401200000,0x000000d401300000) (1024K)]
  0x0000028cfdee5630 WorkerThread "GC Thread#7"                     [id=2208, stack(0x000000d401300000,0x000000d401400000) (1024K)]
  0x0000028c98d4ad20 ConcurrentGCThread "G1 Main Marker"            terminated
  0x0000028c98d4c840 WorkerThread "G1 Conc#0"                       [id=3048, stack(0x000000d47f200000,0x000000d47f300000) (1024K)]
  0x0000028cb72f9110 ConcurrentGCThread "G1 Refine#0"               terminated
  0x0000028cb72f9aa0 ConcurrentGCThread "G1 Service"                terminated
Total: 13

Threads with active compile tasks:
Total: 0

VM state: at safepoint (shutting down)

VM Mutex/Monitor currently owned by a thread:  ([mutex/lock_event])
[0x00007ff8e6a7cb80] Threads_lock - owner thread: 0x0000028cb743eca0
[0x00007ff8e6a7cc80] Heap_lock - owner thread: 0x0000028cfe1a8160

Heap address: 0x0000000083600000, size: 1994 MB, Compressed Oops mode: 32-bit

CDS archive(s) mapped at: [0x0000028cb8000000-0x0000028cb8c60000-0x0000028cb8c60000), size 12976128, SharedBaseAddress: 0x0000028cb8000000, ArchiveRelocationMode: 1.
Compressed class space mapped at: 0x0000028cb9000000-0x0000028cf9000000, reserved size: 1073741824
Narrow klass base: 0x0000028cb8000000, Narrow klass shift: 0, Narrow klass range: 0x41000000

GC Precious Log:
 CardTable entry size: 512
 Card Set container configuration: InlinePtr #cards 5 size 8 Array Of Cards #cards 12 size 40 Howl #buckets 4 coarsen threshold 1843 Howl Bitmap #cards 512 size 80 coarsen threshold 460 Card regions per heap region 1 cards per card region 2048
 CPUs: 8 total, 8 available
 Memory: 7969M
 Large Page Support: Disabled
 NUMA Support: Disabled
 Compressed Oops: Enabled (32-bit)
 Heap Region Size: 1M
 Heap Min Capacity: 8M
 Heap Initial Capacity: 126M
 Heap Max Capacity: 1994M
 Pre-touch: Disabled
 Parallel Workers: 8
 Concurrent Workers: 2
 Concurrent Refinement Workers: 8
 Periodic GC: Disabled

Heap:
 garbage-first heap   total reserved 2041856K, committed 129024K, used 57164K [0x0000000083600000, 0x0000000100000000)
  region size 1024K, 53 young (54272K), 5 survivors (5120K)
 Metaspace       used 18925K, committed 19328K, reserved 1114112K
  class space    used 2809K, committed 3008K, reserved 1048576K

Heap Regions: E=young(eden), S=young(survivor), O=old, HS=humongous(starts), HC=humongous(continues), CS=collection set, F=free, TAMS=top-at-mark-start, PB=parsable bottom
|   0|0x0000000083600000, 0x0000000083700000, 0x0000000083700000|100%| O|  |TAMS 0x0000000083600000| PB 0x0000000083600000| Untracked |  0
|   1|0x0000000083700000, 0x0000000083800000, 0x0000000083800000|100%| O|  |TAMS 0x0000000083700000| PB 0x0000000083700000| Untracked |  1
|   2|0x0000000083800000, 0x0000000083900000, 0x0000000083900000|100%| O|  |TAMS 0x0000000083800000| PB 0x0000000083800000| Untracked |  0
|   3|0x0000000083900000, 0x00000000839539a0, 0x0000000083a00000| 32%| O|  |TAMS 0x0000000083900000| PB 0x0000000083900000| Untracked |  0
|   4|0x0000000083a00000, 0x0000000083b00000, 0x0000000083b00000|100%|HS|  |TAMS 0x0000000083a00000| PB 0x0000000083a00000| Complete |  0
|   5|0x0000000083b00000, 0x0000000083c00000, 0x0000000083c00000|100%|HC|  |TAMS 0x0000000083b00000| PB 0x0000000083b00000| Complete |  0
|   6|0x0000000083c00000, 0x0000000083c00000, 0x0000000083d00000|  0%| F|  |TAMS 0x0000000083c00000| PB 0x0000000083c00000| Untracked |  0
|   7|0x0000000083d00000, 0x0000000083d00000, 0x0000000083e00000|  0%| F|  |TAMS 0x0000000083d00000| PB 0x0000000083d00000| Untracked |  0
|   8|0x0000000083e00000, 0x0000000083e00000, 0x0000000083f00000|  0%| F|  |TAMS 0x0000000083e00000| PB 0x0000000083e00000| Untracked |  0
|   9|0x0000000083f00000, 0x0000000083f00000, 0x0000000084000000|  0%| F|  |TAMS 0x0000000083f00000| PB 0x0000000083f00000| Untracked |  0
|  10|0x0000000084000000, 0x0000000084000000, 0x0000000084100000|  0%| F|  |TAMS 0x0000000084000000| PB 0x0000000084000000| Untracked |  0
|  11|0x0000000084100000, 0x0000000084100000, 0x0000000084200000|  0%| F|  |TAMS 0x0000000084100000| PB 0x0000000084100000| Untracked |  0
|  12|0x0000000084200000, 0x0000000084200000, 0x0000000084300000|  0%| F|  |TAMS 0x0000000084200000| PB 0x0000000084200000| Untracked |  0
|  13|0x0000000084300000, 0x0000000084300000, 0x0000000084400000|  0%| F|  |TAMS 0x0000000084300000| PB 0x0000000084300000| Untracked |  0
|  14|0x0000000084400000, 0x0000000084400000, 0x0000000084500000|  0%| F|  |TAMS 0x0000000084400000| PB 0x0000000084400000| Untracked |  0
|  15|0x0000000084500000, 0x0000000084500000, 0x0000000084600000|  0%| F|  |TAMS 0x0000000084500000| PB 0x0000000084500000| Untracked |  0
|  16|0x0000000084600000, 0x0000000084600000, 0x0000000084700000|  0%| F|  |TAMS 0x0000000084600000| PB 0x0000000084600000| Untracked |  0
|  17|0x0000000084700000, 0x0000000084700000, 0x0000000084800000|  0%| F|  |TAMS 0x0000000084700000| PB 0x0000000084700000| Untracked |  0
|  18|0x0000000084800000, 0x0000000084800000, 0x0000000084900000|  0%| F|  |TAMS 0x0000000084800000| PB 0x0000000084800000| Untracked |  0
|  19|0x0000000084900000, 0x0000000084900000, 0x0000000084a00000|  0%| F|  |TAMS 0x0000000084900000| PB 0x0000000084900000| Untracked |  0
|  20|0x0000000084a00000, 0x0000000084a00000, 0x0000000084b00000|  0%| F|  |TAMS 0x0000000084a00000| PB 0x0000000084a00000| Untracked |  0
|  21|0x0000000084b00000, 0x0000000084b00000, 0x0000000084c00000|  0%| F|  |TAMS 0x0000000084b00000| PB 0x0000000084b00000| Untracked |  0
|  22|0x0000000084c00000, 0x0000000084c00000, 0x0000000084d00000|  0%| F|  |TAMS 0x0000000084c00000| PB 0x0000000084c00000| Untracked |  0
|  23|0x0000000084d00000, 0x0000000084d00000, 0x0000000084e00000|  0%| F|  |TAMS 0x0000000084d00000| PB 0x0000000084d00000| Untracked |  0
|  24|0x0000000084e00000, 0x0000000084e00000, 0x0000000084f00000|  0%| F|  |TAMS 0x0000000084e00000| PB 0x0000000084e00000| Untracked |  0
|  25|0x0000000084f00000, 0x0000000084f00000, 0x0000000085000000|  0%| F|  |TAMS 0x0000000084f00000| PB 0x0000000084f00000| Untracked |  0
|  26|0x0000000085000000, 0x0000000085000000, 0x0000000085100000|  0%| F|  |TAMS 0x0000000085000000| PB 0x0000000085000000| Untracked |  0
|  27|0x0000000085100000, 0x0000000085100000, 0x0000000085200000|  0%| F|  |TAMS 0x0000000085100000| PB 0x0000000085100000| Untracked |  0
|  28|0x0000000085200000, 0x0000000085200000, 0x0000000085300000|  0%| F|  |TAMS 0x0000000085200000| PB 0x0000000085200000| Untracked |  0
|  29|0x0000000085300000, 0x0000000085300000, 0x0000000085400000|  0%| F|  |TAMS 0x0000000085300000| PB 0x0000000085300000| Untracked |  0
|  30|0x0000000085400000, 0x0000000085400000, 0x0000000085500000|  0%| F|  |TAMS 0x0000000085400000| PB 0x0000000085400000| Untracked |  0
|  31|0x0000000085500000, 0x0000000085500000, 0x0000000085600000|  0%| F|  |TAMS 0x0000000085500000| PB 0x0000000085500000| Untracked |  0
|  32|0x0000000085600000, 0x0000000085600000, 0x0000000085700000|  0%| F|  |TAMS 0x0000000085600000| PB 0x0000000085600000| Untracked |  0
|  33|0x0000000085700000, 0x0000000085700000, 0x0000000085800000|  0%| F|  |TAMS 0x0000000085700000| PB 0x0000000085700000| Untracked |  0
|  34|0x0000000085800000, 0x0000000085800000, 0x0000000085900000|  0%| F|  |TAMS 0x0000000085800000| PB 0x0000000085800000| Untracked |  0
|  35|0x0000000085900000, 0x0000000085900000, 0x0000000085a00000|  0%| F|  |TAMS 0x0000000085900000| PB 0x0000000085900000| Untracked |  0
|  36|0x0000000085a00000, 0x0000000085a00000, 0x0000000085b00000|  0%| F|  |TAMS 0x0000000085a00000| PB 0x0000000085a00000| Untracked |  0
|  37|0x0000000085b00000, 0x0000000085b00000, 0x0000000085c00000|  0%| F|  |TAMS 0x0000000085b00000| PB 0x0000000085b00000| Untracked |  0
|  38|0x0000000085c00000, 0x0000000085c00000, 0x0000000085d00000|  0%| F|  |TAMS 0x0000000085c00000| PB 0x0000000085c00000| Untracked |  0
|  39|0x0000000085d00000, 0x0000000085d00000, 0x0000000085e00000|  0%| F|  |TAMS 0x0000000085d00000| PB 0x0000000085d00000| Untracked |  0
|  40|0x0000000085e00000, 0x0000000085e00000, 0x0000000085f00000|  0%| F|  |TAMS 0x0000000085e00000| PB 0x0000000085e00000| Untracked |  0
|  41|0x0000000085f00000, 0x0000000085f00000, 0x0000000086000000|  0%| F|  |TAMS 0x0000000085f00000| PB 0x0000000085f00000| Untracked |  0
|  42|0x0000000086000000, 0x0000000086000000, 0x0000000086100000|  0%| F|  |TAMS 0x0000000086000000| PB 0x0000000086000000| Untracked |  0
|  43|0x0000000086100000, 0x0000000086100000, 0x0000000086200000|  0%| F|  |TAMS 0x0000000086100000| PB 0x0000000086100000| Untracked |  0
|  44|0x0000000086200000, 0x0000000086200000, 0x0000000086300000|  0%| F|  |TAMS 0x0000000086200000| PB 0x0000000086200000| Untracked |  0
|  45|0x0000000086300000, 0x0000000086300000, 0x0000000086400000|  0%| F|  |TAMS 0x0000000086300000| PB 0x0000000086300000| Untracked |  0
|  46|0x0000000086400000, 0x0000000086400000, 0x0000000086500000|  0%| F|  |TAMS 0x0000000086400000| PB 0x0000000086400000| Untracked |  0
|  47|0x0000000086500000, 0x0000000086500000, 0x0000000086600000|  0%| F|  |TAMS 0x0000000086500000| PB 0x0000000086500000| Untracked |  0
|  48|0x0000000086600000, 0x0000000086600000, 0x0000000086700000|  0%| F|  |TAMS 0x0000000086600000| PB 0x0000000086600000| Untracked |  0
|  49|0x0000000086700000, 0x0000000086700000, 0x0000000086800000|  0%| F|  |TAMS 0x0000000086700000| PB 0x0000000086700000| Untracked |  0
|  50|0x0000000086800000, 0x0000000086800000, 0x0000000086900000|  0%| F|  |TAMS 0x0000000086800000| PB 0x0000000086800000| Untracked |  0
|  51|0x0000000086900000, 0x0000000086900000, 0x0000000086a00000|  0%| F|  |TAMS 0x0000000086900000| PB 0x0000000086900000| Untracked |  0
|  52|0x0000000086a00000, 0x0000000086a00000, 0x0000000086b00000|  0%| F|  |TAMS 0x0000000086a00000| PB 0x0000000086a00000| Untracked |  0
|  53|0x0000000086b00000, 0x0000000086b00000, 0x0000000086c00000|  0%| F|  |TAMS 0x0000000086b00000| PB 0x0000000086b00000| Untracked |  0
|  54|0x0000000086c00000, 0x0000000086c00000, 0x0000000086d00000|  0%| F|  |TAMS 0x0000000086c00000| PB 0x0000000086c00000| Untracked |  0
|  55|0x0000000086d00000, 0x0000000086d00000, 0x0000000086e00000|  0%| F|  |TAMS 0x0000000086d00000| PB 0x0000000086d00000| Untracked |  0
|  56|0x0000000086e00000, 0x0000000086e00000, 0x0000000086f00000|  0%| F|  |TAMS 0x0000000086e00000| PB 0x0000000086e00000| Untracked |  0
|  57|0x0000000086f00000, 0x0000000086f00000, 0x0000000087000000|  0%| F|  |TAMS 0x0000000086f00000| PB 0x0000000086f00000| Untracked |  0
|  58|0x0000000087000000, 0x0000000087000000, 0x0000000087100000|  0%| F|  |TAMS 0x0000000087000000| PB 0x0000000087000000| Untracked |  0
|  59|0x0000000087100000, 0x0000000087100000, 0x0000000087200000|  0%| F|  |TAMS 0x0000000087100000| PB 0x0000000087100000| Untracked |  0
|  60|0x0000000087200000, 0x0000000087200000, 0x0000000087300000|  0%| F|  |TAMS 0x0000000087200000| PB 0x0000000087200000| Untracked |  0
|  61|0x0000000087300000, 0x0000000087300000, 0x0000000087400000|  0%| F|  |TAMS 0x0000000087300000| PB 0x0000000087300000| Untracked |  0
|  62|0x0000000087400000, 0x0000000087400000, 0x0000000087500000|  0%| F|  |TAMS 0x0000000087400000| PB 0x0000000087400000| Untracked |  0
|  63|0x0000000087500000, 0x0000000087500000, 0x0000000087600000|  0%| F|  |TAMS 0x0000000087500000| PB 0x0000000087500000| Untracked |  0
|  64|0x0000000087600000, 0x0000000087600000, 0x0000000087700000|  0%| F|  |TAMS 0x0000000087600000| PB 0x0000000087600000| Untracked |  0
|  65|0x0000000087700000, 0x0000000087700000, 0x0000000087800000|  0%| F|  |TAMS 0x0000000087700000| PB 0x0000000087700000| Untracked |  0
|  66|0x0000000087800000, 0x0000000087800000, 0x0000000087900000|  0%| F|  |TAMS 0x0000000087800000| PB 0x0000000087800000| Untracked |  0
|  67|0x0000000087900000, 0x0000000087900000, 0x0000000087a00000|  0%| F|  |TAMS 0x0000000087900000| PB 0x0000000087900000| Untracked |  0
|  68|0x0000000087a00000, 0x0000000087a00000, 0x0000000087b00000|  0%| F|  |TAMS 0x0000000087a00000| PB 0x0000000087a00000| Untracked |  0
|  69|0x0000000087b00000, 0x0000000087b00000, 0x0000000087c00000|  0%| F|  |TAMS 0x0000000087b00000| PB 0x0000000087b00000| Untracked |  0
|  70|0x0000000087c00000, 0x0000000087c00000, 0x0000000087d00000|  0%| F|  |TAMS 0x0000000087c00000| PB 0x0000000087c00000| Untracked |  0
|  71|0x0000000087d00000, 0x0000000087d00000, 0x0000000087e00000|  0%| F|  |TAMS 0x0000000087d00000| PB 0x0000000087d00000| Untracked |  0
|  72|0x0000000087e00000, 0x0000000087e00000, 0x0000000087f00000|  0%| F|  |TAMS 0x0000000087e00000| PB 0x0000000087e00000| Untracked |  0
|  73|0x0000000087f00000, 0x0000000087fb3390, 0x0000000088000000| 70%| E|  |TAMS 0x0000000087f00000| PB 0x0000000087f00000| Complete |  0
|  74|0x0000000088000000, 0x0000000088100000, 0x0000000088100000|100%| E|CS|TAMS 0x0000000088000000| PB 0x0000000088000000| Complete |  0
|  75|0x0000000088100000, 0x0000000088200000, 0x0000000088200000|100%| E|CS|TAMS 0x0000000088100000| PB 0x0000000088100000| Complete |  0
|  76|0x0000000088200000, 0x0000000088300000, 0x0000000088300000|100%| E|CS|TAMS 0x0000000088200000| PB 0x0000000088200000| Complete |  0
|  77|0x0000000088300000, 0x0000000088400000, 0x0000000088400000|100%| E|CS|TAMS 0x0000000088300000| PB 0x0000000088300000| Complete |  0
|  78|0x0000000088400000, 0x0000000088500000, 0x0000000088500000|100%| E|CS|TAMS 0x0000000088400000| PB 0x0000000088400000| Complete |  0
|  79|0x0000000088500000, 0x0000000088600000, 0x0000000088600000|100%| E|CS|TAMS 0x0000000088500000| PB 0x0000000088500000| Complete |  0
|  80|0x0000000088600000, 0x0000000088700000, 0x0000000088700000|100%| E|CS|TAMS 0x0000000088600000| PB 0x0000000088600000| Complete |  0
|  81|0x0000000088700000, 0x0000000088800000, 0x0000000088800000|100%| E|CS|TAMS 0x0000000088700000| PB 0x0000000088700000| Complete |  0
|  82|0x0000000088800000, 0x0000000088900000, 0x0000000088900000|100%| E|CS|TAMS 0x0000000088800000| PB 0x0000000088800000| Complete |  0
|  83|0x0000000088900000, 0x0000000088a00000, 0x0000000088a00000|100%| E|CS|TAMS 0x0000000088900000| PB 0x0000000088900000| Complete |  0
|  84|0x0000000088a00000, 0x0000000088a7fa40, 0x0000000088b00000| 49%| S|CS|TAMS 0x0000000088a00000| PB 0x0000000088a00000| Complete |  0
|  85|0x0000000088b00000, 0x0000000088c00000, 0x0000000088c00000|100%| S|CS|TAMS 0x0000000088b00000| PB 0x0000000088b00000| Complete |  0
|  86|0x0000000088c00000, 0x0000000088d00000, 0x0000000088d00000|100%| S|CS|TAMS 0x0000000088c00000| PB 0x0000000088c00000| Complete |  0
|  87|0x0000000088d00000, 0x0000000088e00000, 0x0000000088e00000|100%| S|CS|TAMS 0x0000000088d00000| PB 0x0000000088d00000| Complete |  0
|  88|0x0000000088e00000, 0x0000000088f00000, 0x0000000088f00000|100%| S|CS|TAMS 0x0000000088e00000| PB 0x0000000088e00000| Complete |  0
|  89|0x0000000088f00000, 0x0000000089000000, 0x0000000089000000|100%| E|CS|TAMS 0x0000000088f00000| PB 0x0000000088f00000| Complete |  0
|  90|0x0000000089000000, 0x0000000089100000, 0x0000000089100000|100%| E|CS|TAMS 0x0000000089000000| PB 0x0000000089000000| Complete |  0
|  91|0x0000000089100000, 0x0000000089200000, 0x0000000089200000|100%| E|CS|TAMS 0x0000000089100000| PB 0x0000000089100000| Complete |  0
|  92|0x0000000089200000, 0x0000000089300000, 0x0000000089300000|100%| E|CS|TAMS 0x0000000089200000| PB 0x0000000089200000| Complete |  0
|  93|0x0000000089300000, 0x0000000089400000, 0x0000000089400000|100%| E|CS|TAMS 0x0000000089300000| PB 0x0000000089300000| Complete |  0
|  94|0x0000000089400000, 0x0000000089500000, 0x0000000089500000|100%| E|  |TAMS 0x0000000089400000| PB 0x0000000089400000| Complete |  0
|  95|0x0000000089500000, 0x0000000089600000, 0x0000000089600000|100%| E|CS|TAMS 0x0000000089500000| PB 0x0000000089500000| Complete |  0
|  96|0x0000000089600000, 0x0000000089700000, 0x0000000089700000|100%| E|CS|TAMS 0x0000000089600000| PB 0x0000000089600000| Complete |  0
|  97|0x0000000089700000, 0x0000000089800000, 0x0000000089800000|100%| E|CS|TAMS 0x0000000089700000| PB 0x0000000089700000| Complete |  0
|  98|0x0000000089800000, 0x0000000089900000, 0x0000000089900000|100%| E|CS|TAMS 0x0000000089800000| PB 0x0000000089800000| Complete |  0
|  99|0x0000000089900000, 0x0000000089a00000, 0x0000000089a00000|100%| E|CS|TAMS 0x0000000089900000| PB 0x0000000089900000| Complete |  0
| 100|0x0000000089a00000, 0x0000000089b00000, 0x0000000089b00000|100%| E|CS|TAMS 0x0000000089a00000| PB 0x0000000089a00000| Complete |  0
| 101|0x0000000089b00000, 0x0000000089c00000, 0x0000000089c00000|100%| E|CS|TAMS 0x0000000089b00000| PB 0x0000000089b00000| Complete |  0
| 102|0x0000000089c00000, 0x0000000089d00000, 0x0000000089d00000|100%| E|CS|TAMS 0x0000000089c00000| PB 0x0000000089c00000| Complete |  0
| 103|0x0000000089d00000, 0x0000000089e00000, 0x0000000089e00000|100%| E|CS|TAMS 0x0000000089d00000| PB 0x0000000089d00000| Complete |  0
| 104|0x0000000089e00000, 0x0000000089f00000, 0x0000000089f00000|100%| E|CS|TAMS 0x0000000089e00000| PB 0x0000000089e00000| Complete |  0
| 105|0x0000000089f00000, 0x000000008a000000, 0x000000008a000000|100%| E|CS|TAMS 0x0000000089f00000| PB 0x0000000089f00000| Complete |  0
| 106|0x000000008a000000, 0x000000008a100000, 0x000000008a100000|100%| E|CS|TAMS 0x000000008a000000| PB 0x000000008a000000| Complete |  0
| 107|0x000000008a100000, 0x000000008a200000, 0x000000008a200000|100%| E|CS|TAMS 0x000000008a100000| PB 0x000000008a100000| Complete |  0
| 108|0x000000008a200000, 0x000000008a300000, 0x000000008a300000|100%| E|CS|TAMS 0x000000008a200000| PB 0x000000008a200000| Complete |  0
| 109|0x000000008a300000, 0x000000008a400000, 0x000000008a400000|100%| E|CS|TAMS 0x000000008a300000| PB 0x000000008a300000| Complete |  0
| 110|0x000000008a400000, 0x000000008a500000, 0x000000008a500000|100%| E|CS|TAMS 0x000000008a400000| PB 0x000000008a400000| Complete |  0
| 111|0x000000008a500000, 0x000000008a600000, 0x000000008a600000|100%| E|CS|TAMS 0x000000008a500000| PB 0x000000008a500000| Complete |  0
| 112|0x000000008a600000, 0x000000008a700000, 0x000000008a700000|100%| E|CS|TAMS 0x000000008a600000| PB 0x000000008a600000| Complete |  0
| 113|0x000000008a700000, 0x000000008a800000, 0x000000008a800000|100%| E|CS|TAMS 0x000000008a700000| PB 0x000000008a700000| Complete |  0
| 114|0x000000008a800000, 0x000000008a900000, 0x000000008a900000|100%| E|CS|TAMS 0x000000008a800000| PB 0x000000008a800000| Complete |  0
| 115|0x000000008a900000, 0x000000008aa00000, 0x000000008aa00000|100%| E|CS|TAMS 0x000000008a900000| PB 0x000000008a900000| Complete |  0
| 116|0x000000008aa00000, 0x000000008ab00000, 0x000000008ab00000|100%| E|CS|TAMS 0x000000008aa00000| PB 0x000000008aa00000| Complete |  0
| 117|0x000000008ab00000, 0x000000008ac00000, 0x000000008ac00000|100%| E|CS|TAMS 0x000000008ab00000| PB 0x000000008ab00000| Complete |  0
| 118|0x000000008ac00000, 0x000000008ad00000, 0x000000008ad00000|100%| E|CS|TAMS 0x000000008ac00000| PB 0x000000008ac00000| Complete |  0
| 119|0x000000008ad00000, 0x000000008ae00000, 0x000000008ae00000|100%| E|CS|TAMS 0x000000008ad00000| PB 0x000000008ad00000| Complete |  0
| 120|0x000000008ae00000, 0x000000008af00000, 0x000000008af00000|100%| E|CS|TAMS 0x000000008ae00000| PB 0x000000008ae00000| Complete |  0
| 121|0x000000008af00000, 0x000000008b000000, 0x000000008b000000|100%| E|CS|TAMS 0x000000008af00000| PB 0x000000008af00000| Complete |  0
| 122|0x000000008b000000, 0x000000008b100000, 0x000000008b100000|100%| E|CS|TAMS 0x000000008b000000| PB 0x000000008b000000| Complete |  0
| 123|0x000000008b100000, 0x000000008b200000, 0x000000008b200000|100%| E|CS|TAMS 0x000000008b100000| PB 0x000000008b100000| Complete |  0
| 124|0x000000008b200000, 0x000000008b300000, 0x000000008b300000|100%| E|CS|TAMS 0x000000008b200000| PB 0x000000008b200000| Complete |  0
| 125|0x000000008b300000, 0x000000008b400000, 0x000000008b400000|100%| E|CS|TAMS 0x000000008b300000| PB 0x000000008b300000| Complete |  0

Card table byte_map: [0x0000028cb2680000,0x0000028cb2a70000] _byte_map_base: 0x0000028cb2265000

Marking Bits: (CMBitMap*) 0x0000028c98d3a950
 Bits: [0x0000028cb2a70000, 0x0000028cb4998000)

Polling page: 0x0000028c98b70000

Metaspace:

Usage:
  Non-class:     15.74 MB used.
      Class:      2.74 MB used.
       Both:     18.48 MB used.

Virtual space:
  Non-class space:       64.00 MB reserved,      15.94 MB ( 25%) committed,  1 nodes.
      Class space:        1.00 GB reserved,       2.94 MB ( <1%) committed,  1 nodes.
             Both:        1.06 GB reserved,      18.88 MB (  2%) committed. 

Chunk freelists:
   Non-Class:  15.47 MB
       Class:  13.10 MB
        Both:  28.57 MB

MaxMetaspaceSize: unlimited
CompressedClassSpaceSize: 1.00 GB
Initial GC threshold: 21.00 MB
Current GC threshold: 21.00 MB
CDS: on
 - commit_granule_bytes: 65536.
 - commit_granule_words: 8192.
 - virtual_space_node_default_size: 8388608.
 - enlarge_chunks_in_place: 1.
 - use_allocation_guard: 0.


Internal statistics:

num_allocs_failed_limit: 0.
num_arena_births: 360.
num_arena_deaths: 0.
num_vsnodes_births: 2.
num_vsnodes_deaths: 0.
num_space_committed: 302.
num_space_uncommitted: 0.
num_chunks_returned_to_freelist: 0.
num_chunks_taken_from_freelist: 949.
num_chunk_merges: 0.
num_chunk_splits: 666.
num_chunks_enlarged: 520.
num_inconsistent_stats: 0.

CodeHeap 'non-profiled nmethods': size=120000Kb used=2153Kb max_used=2153Kb free=117846Kb
 bounds [0x0000028caa300000, 0x0000028caa570000, 0x0000028cb1830000]
CodeHeap 'profiled nmethods': size=120000Kb used=8702Kb max_used=8702Kb free=111297Kb
 bounds [0x0000028ca2830000, 0x0000028ca30b0000, 0x0000028ca9d60000]
CodeHeap 'non-nmethods': size=5760Kb used=2065Kb max_used=2111Kb free=3694Kb
 bounds [0x0000028ca9d60000, 0x0000028ca9fd0000, 0x0000028caa300000]
 total_blobs=5191 nmethods=4362 adapters=732
 compilation: enabled
              stopped_count=0, restarted_count=0
 full_count=0

Compilation events (20 events):
Event: 102.635 Thread 0x0000028cb7473e90 4355       3       com.sun.javafx.scene.layout.RegionHelper::pickNodeLocalImpl (12 bytes)
Event: 102.635 Thread 0x0000028cb7473e90 nmethod 4355 0x0000028ca30ac490 code [0x0000028ca30ac640, 0x0000028ca30ac908]
Event: 102.642 Thread 0x0000028cb7473e90 4356       3       javafx.scene.layout.Region::doPickNodeLocal (30 bytes)
Event: 102.643 Thread 0x0000028cb7473e90 nmethod 4356 0x0000028ca30aca90 code [0x0000028ca30acca0, 0x0000028ca30ad360]
Event: 102.913 Thread 0x0000028cfdeb2e00 4357       4       java.util.AbstractList$Itr::hasNext (20 bytes)
Event: 102.914 Thread 0x0000028cfdeb2e00 nmethod 4357 0x0000028caa517a90 code [0x0000028caa517c20, 0x0000028caa517ce0]
Event: 102.925 Thread 0x0000028cb7473e90 4358       3       com.sun.javafx.collections.VetoableListDecorator::iterator (27 bytes)
Event: 102.926 Thread 0x0000028cb7473e90 nmethod 4358 0x0000028ca30ad690 code [0x0000028ca30ad860, 0x0000028ca30adc78]
Event: 102.926 Thread 0x0000028cb7473e90 4359       3       com.sun.javafx.collections.VetoableListDecorator$ModCountAccessorImpl::<init> (10 bytes)
Event: 102.926 Thread 0x0000028cb7473e90 nmethod 4359 0x0000028ca30ade10 code [0x0000028ca30adfa0, 0x0000028ca30ae168]
Event: 103.613 Thread 0x0000028cb7473e90 4360       3       javafx.scene.Parent::computeViewOrderChildren (93 bytes)
Event: 103.614 Thread 0x0000028cb7473e90 nmethod 4360 0x0000028ca30ae210 code [0x0000028ca30ae4a0, 0x0000028ca30af020]
Event: 103.686 Thread 0x0000028cb7473e90 4361       3       com.sun.javafx.collections.VetoableListDecorator$VetoableIteratorDecorator::<init> (36 bytes)
Event: 103.686 Thread 0x0000028cb7473e90 nmethod 4361 0x0000028ca30af390 code [0x0000028ca30af540, 0x0000028ca30af868]
Event: 103.701 Thread 0x0000028cb746f820 4362       4       javafx.event.Event::copyFor (45 bytes)
Event: 103.706 Thread 0x0000028cb746f820 nmethod 4362 0x0000028caa517d90 code [0x0000028caa517f40, 0x0000028caa518358]
Event: 103.706 Thread 0x0000028cb746f820 4363       4       com.sun.javafx.css.PseudoClassState::getIndex (86 bytes)
Event: 103.706 Thread 0x0000028cb746f820 nmethod 4363 0x0000028caa518510 code [0x0000028caa518680, 0x0000028caa518720]
Event: 103.831 Thread 0x0000028cb746f820 4364       4       javafx.scene.input.MouseEvent::copyFor (18 bytes)
Event: 103.845 Thread 0x0000028cb746f820 nmethod 4364 0x0000028caa518810 code [0x0000028caa518ac0, 0x0000028caa519990]

GC Heap History (4 events):
Event: 0.620 GC heap before
{Heap before GC invocations=0 (full 0):
 garbage-first heap   total reserved 2041856K, committed 129024K, used 23552K [0x0000000083600000, 0x0000000100000000)
  region size 1024K, 24 young (24576K), 0 survivors (0K)
 Metaspace       used 4681K, committed 4928K, reserved 1114112K
  class space    used 542K, committed 640K, reserved 1048576K
}
Event: 0.624 GC heap after
{Heap after GC invocations=1 (full 0):
 garbage-first heap   total reserved 2041856K, committed 129024K, used 3274K [0x0000000083600000, 0x0000000100000000)
  region size 1024K, 3 young (3072K), 3 survivors (3072K)
 Metaspace       used 4681K, committed 4928K, reserved 1114112K
  class space    used 542K, committed 640K, reserved 1048576K
}
Event: 1.405 GC heap before
{Heap before GC invocations=1 (full 0):
 garbage-first heap   total reserved 2041856K, committed 129024K, used 37066K [0x0000000083600000, 0x0000000100000000)
  region size 1024K, 37 young (37888K), 3 survivors (3072K)
 Metaspace       used 11197K, committed 11456K, reserved 1114112K
  class space    used 1497K, committed 1600K, reserved 1048576K
}
Event: 1.411 GC heap after
{Heap after GC invocations=2 (full 0):
 garbage-first heap   total reserved 2041856K, committed 129024K, used 8012K [0x0000000083600000, 0x0000000100000000)
  region size 1024K, 5 young (5120K), 5 survivors (5120K)
 Metaspace       used 11197K, committed 11456K, reserved 1114112K
  class space    used 1497K, committed 1600K, reserved 1048576K
}

Dll operation events (20 events):
Event: 0.318 Loaded shared library C:\javafx-sdk-23.0.1\bin\api-ms-win-crt-locale-l1-1-0.dll
Event: 0.320 Loaded shared library C:\javafx-sdk-23.0.1\bin\api-ms-win-crt-math-l1-1-0.dll
Event: 0.321 Loaded shared library C:\javafx-sdk-23.0.1\bin\api-ms-win-crt-multibyte-l1-1-0.dll
Event: 0.322 Loaded shared library C:\javafx-sdk-23.0.1\bin\api-ms-win-crt-private-l1-1-0.dll
Event: 0.323 Loaded shared library C:\javafx-sdk-23.0.1\bin\api-ms-win-crt-process-l1-1-0.dll
Event: 0.324 Loaded shared library C:\javafx-sdk-23.0.1\bin\api-ms-win-crt-runtime-l1-1-0.dll
Event: 0.325 Loaded shared library C:\javafx-sdk-23.0.1\bin\api-ms-win-crt-stdio-l1-1-0.dll
Event: 0.326 Loaded shared library C:\javafx-sdk-23.0.1\bin\api-ms-win-crt-string-l1-1-0.dll
Event: 0.327 Loaded shared library C:\javafx-sdk-23.0.1\bin\api-ms-win-crt-time-l1-1-0.dll
Event: 0.328 Loaded shared library C:\javafx-sdk-23.0.1\bin\api-ms-win-crt-utility-l1-1-0.dll
Event: 0.329 Loaded shared library C:\javafx-sdk-23.0.1\bin\ucrtbase.dll
Event: 0.330 Loaded shared library C:\javafx-sdk-23.0.1\bin\vcruntime140.dll
Event: 0.331 Loaded shared library C:\javafx-sdk-23.0.1\bin\vcruntime140_1.dll
Event: 0.332 Loaded shared library C:\javafx-sdk-23.0.1\bin\msvcp140.dll
Event: 0.333 Loaded shared library C:\javafx-sdk-23.0.1\bin\msvcp140_1.dll
Event: 0.335 Loaded shared library C:\javafx-sdk-23.0.1\bin\msvcp140_2.dll
Event: 0.389 Loaded shared library C:\javafx-sdk-23.0.1\bin\prism_d3d.dll
Event: 0.428 Loaded shared library C:\javafx-sdk-23.0.1\bin\glass.dll
Event: 0.558 Loaded shared library C:\Users\PAVILION\.jdks\openjdk-22.0.2\bin\jimage.dll
Event: 1.096 Loaded shared library C:\javafx-sdk-23.0.1\bin\javafx_font.dll

Deoptimization events (20 events):
Event: 102.470 Thread 0x0000028cb746cf30 Uncommon trap: trap_request=0xffffffbe fr.pc=0x0000028caa4fabd0 relative=0x00000000000024d0
Event: 102.470 Thread 0x0000028cb746cf30 Uncommon trap: reason=profile_predicate action=maybe_recompile pc=0x0000028caa4fabd0 method=javafx.css.CompoundSelector.applies(Ljavafx/css/Styleable;I[Ljava/util/Set;I)Z @ 103 c2
Event: 102.470 Thread 0x0000028cb746cf30 DEOPT PACKING pc=0x0000028caa4fabd0 sp=0x000000d4006f8440
Event: 102.470 Thread 0x0000028cb746cf30 DEOPT UNPACKING pc=0x0000028ca9db7da2 sp=0x000000d4006f8450 mode 2
Event: 102.471 Thread 0x0000028cb746cf30 Uncommon trap: trap_request=0xffffffbe fr.pc=0x0000028caa4fabd0 relative=0x00000000000024d0
Event: 102.471 Thread 0x0000028cb746cf30 Uncommon trap: reason=profile_predicate action=maybe_recompile pc=0x0000028caa4fabd0 method=javafx.css.CompoundSelector.applies(Ljavafx/css/Styleable;I[Ljava/util/Set;I)Z @ 103 c2
Event: 102.471 Thread 0x0000028cb746cf30 DEOPT PACKING pc=0x0000028caa4fabd0 sp=0x000000d4006f85e0
Event: 102.471 Thread 0x0000028cb746cf30 DEOPT UNPACKING pc=0x0000028ca9db7da2 sp=0x000000d4006f85f0 mode 2
Event: 102.481 Thread 0x0000028cb746cf30 Uncommon trap: trap_request=0xffffffbe fr.pc=0x0000028caa4fabd0 relative=0x00000000000024d0
Event: 102.481 Thread 0x0000028cb746cf30 Uncommon trap: reason=profile_predicate action=maybe_recompile pc=0x0000028caa4fabd0 method=javafx.css.CompoundSelector.applies(Ljavafx/css/Styleable;I[Ljava/util/Set;I)Z @ 103 c2
Event: 102.481 Thread 0x0000028cb746cf30 DEOPT PACKING pc=0x0000028caa4fabd0 sp=0x000000d4006f8490
Event: 102.481 Thread 0x0000028cb746cf30 DEOPT UNPACKING pc=0x0000028ca9db7da2 sp=0x000000d4006f84a0 mode 2
Event: 102.566 Thread 0x0000028cb746cf30 Uncommon trap: trap_request=0xffffff45 fr.pc=0x0000028caa4d7294 relative=0x0000000000000a34
Event: 102.566 Thread 0x0000028cb746cf30 Uncommon trap: reason=unstable_if action=reinterpret pc=0x0000028caa4d7294 method=javafx.scene.Parent.getOrderedChildren()Ljava/util/List; @ 7 c2
Event: 102.566 Thread 0x0000028cb746cf30 DEOPT PACKING pc=0x0000028caa4d7294 sp=0x000000d4006f79c0
Event: 102.566 Thread 0x0000028cb746cf30 DEOPT UNPACKING pc=0x0000028ca9db7da2 sp=0x000000d4006f7710 mode 2
Event: 102.566 Thread 0x0000028cb746cf30 Uncommon trap: trap_request=0xffffff45 fr.pc=0x0000028caa4d97b8 relative=0x0000000000000978
Event: 102.566 Thread 0x0000028cb746cf30 Uncommon trap: reason=unstable_if action=reinterpret pc=0x0000028caa4d97b8 method=javafx.scene.Parent.getOrderedChildren()Ljava/util/List; @ 7 c2
Event: 102.566 Thread 0x0000028cb746cf30 DEOPT PACKING pc=0x0000028caa4d97b8 sp=0x000000d4006f7570
Event: 102.566 Thread 0x0000028cb746cf30 DEOPT UNPACKING pc=0x0000028ca9db7da2 sp=0x000000d4006f73b0 mode 2

Classes loaded (20 events):
Event: 5.181 Loading class java/io/UnsupportedEncodingException
Event: 5.181 Loading class java/io/UnsupportedEncodingException done
Event: 5.596 Loading class java/util/BitSet
Event: 5.596 Loading class java/util/BitSet done
Event: 5.597 Loading class java/util/BitSet$1BitSetSpliterator
Event: 5.597 Loading class java/util/BitSet$1BitSetSpliterator done
Event: 5.598 Loading class java/util/stream/IntPipeline$1
Event: 5.598 Loading class java/util/stream/IntPipeline$1 done
Event: 5.598 Loading class java/util/stream/IntPipeline$1$1
Event: 5.598 Loading class java/util/stream/IntPipeline$1$1 done
Event: 5.731 Loading class java/lang/FdLibm$Hypot
Event: 5.731 Loading class java/lang/FdLibm$Hypot done
Event: 5.731 Loading class java/lang/FdLibm
Event: 5.731 Loading class java/lang/FdLibm done
Event: 5.786 Loading class java/lang/FdLibm$Acos
Event: 5.786 Loading class java/lang/FdLibm$Acos done
Event: 5.808 Loading class java/lang/FdLibm$Atan2
Event: 5.808 Loading class java/lang/FdLibm$Atan2 done
Event: 109.742 Loading class jdk/internal/misc/Signal$1
Event: 109.742 Loading class jdk/internal/misc/Signal$1 done

Classes unloaded (0 events):
No events

Classes redefined (0 events):
No events

Internal exceptions (20 events):
Event: 1.402 Thread 0x0000028cb746cf30 Implicit null exception at 0x0000028caa3acf1a to 0x0000028caa3ad15c
Event: 1.403 Thread 0x0000028cb746cf30 Implicit null exception at 0x0000028caa32633d to 0x0000028caa3263bd
Event: 1.491 Thread 0x0000028cb746cf30 Exception <a 'java/lang/NoSuchMethodError'{0x000000008aeae068}: 'java.lang.Object java.lang.invoke.DirectMethodHandle$Holder.invokeInterface(java.lang.Object, java.lang.Object, java.lang.Object)'> (0x000000008aeae068) 
thrown [s\open\src\hotspot\share\interpreter\linkResolver.cpp, line 774]
Event: 1.491 Thread 0x0000028cb746cf30 Exception <a 'java/lang/IncompatibleClassChangeError'{0x000000008aeb1720}: Found class java.lang.Object, but interface was expected> (0x000000008aeb1720) 
thrown [s\open\src\hotspot\share\interpreter\linkResolver.cpp, line 841]
Event: 1.532 Thread 0x0000028cb746cf30 Exception <a 'java/lang/NoSuchMethodError'{0x000000008ac05e50}: 'int java.lang.invoke.DirectMethodHandle$Holder.invokeSpecial(java.lang.Object, java.lang.Object, int)'> (0x000000008ac05e50) 
thrown [s\open\src\hotspot\share\interpreter\linkResolver.cpp, line 774]
Event: 1.553 Thread 0x0000028cb746cf30 Exception <a 'java/lang/NoSuchMethodError'{0x000000008acff258}: 'java.lang.Object java.lang.invoke.DirectMethodHandle$Holder.newInvokeSpecial(java.lang.Object, java.lang.Object, int)'> (0x000000008acff258) 
thrown [s\open\src\hotspot\share\interpreter\linkResolver.cpp, line 774]
Event: 1.605 Thread 0x0000028cb746bb80 Exception <a 'java/lang/NoSuchMethodError'{0x000000008aa20460}: 'int java.lang.invoke.DirectMethodHandle$Holder.invokeStaticInit(java.lang.Object, java.lang.Object)'> (0x000000008aa20460) 
thrown [s\open\src\hotspot\share\interpreter\linkResolver.cpp, line 774]
Event: 5.195 Thread 0x0000028cb746cf30 Exception <a 'java/lang/NoSuchMethodError'{0x000000008a5ec928}: 'long java.lang.invoke.DirectMethodHandle$Holder.invokeStatic(java.lang.Object, java.lang.Object, java.lang.Object)'> (0x000000008a5ec928) 
thrown [s\open\src\hotspot\share\interpreter\linkResolver.cpp, line 774]
Event: 5.195 Thread 0x0000028cb746cf30 Exception <a 'java/lang/NoSuchMethodError'{0x000000008a5efd28}: 'long java.lang.invoke.DirectMethodHandle$Holder.invokeStaticInit(java.lang.Object, java.lang.Object, java.lang.Object)'> (0x000000008a5efd28) 
thrown [s\open\src\hotspot\share\interpreter\linkResolver.cpp, line 774]
Event: 5.197 Thread 0x0000028cb746cf30 Exception <a 'java/lang/NoSuchMethodError'{0x000000008a404bf0}: 'java.lang.Object java.lang.invoke.DirectMethodHandle$Holder.newInvokeSpecial(java.lang.Object, java.lang.Object, long)'> (0x000000008a404bf0) 
thrown [s\open\src\hotspot\share\interpreter\linkResolver.cpp, line 774]
Event: 5.197 Thread 0x0000028cb746cf30 Exception <a 'java/lang/NoSuchMethodError'{0x000000008a408538}: 'java.lang.Object java.lang.invoke.Invokers$Holder.linkToTargetMethod(java.lang.Object, long, java.lang.Object)'> (0x000000008a408538) 
thrown [s\open\src\hotspot\share\interpreter\linkResolver.cpp, line 774]
Event: 5.486 Thread 0x0000028cb746cf30 Exception <a 'java/lang/ClassNotFoundException'{0x000000008a0fd778}: com/sun/javafx/scene/control/skin/resources/controls> (0x000000008a0fd778) 
thrown [s\open\src\hotspot\share\prims\jni.cpp, line 539]
Event: 5.487 Thread 0x0000028cb746cf30 Exception <a 'java/lang/ClassNotFoundException'{0x0000000089f0c248}: com/sun/javafx/scene/control/skin/resources/controls_ru> (0x0000000089f0c248) 
thrown [s\open\src\hotspot\share\prims\jni.cpp, line 539]
Event: 5.488 Thread 0x0000028cb746cf30 Exception <a 'java/lang/ClassNotFoundException'{0x0000000089f0db40}: com/sun/javafx/scene/control/skin/resources/controls_ru_RU> (0x0000000089f0db40) 
thrown [s\open\src\hotspot\share\prims\jni.cpp, line 539]
Event: 5.528 Thread 0x0000028cb746cf30 Exception <a 'java/lang/NoSuchMethodError'{0x0000000089ea0b00}: 'void java.lang.invoke.DirectMethodHandle$Holder.invokeSpecial(java.lang.Object, java.lang.Object, java.lang.Object, java.lang.Object, java.lang.Object, java.lang.Object)'> (0x0000000089ea0b00) 
thrown [s\open\src\hotspot\share\interpreter\linkResolver.cpp, line 774]
Event: 5.857 Thread 0x0000028cb746bb80 Exception <a 'java/lang/NoSuchMethodError'{0x00000000892725a8}: 'java.lang.Object java.lang.invoke.DirectMethodHandle$Holder.invokeStaticInit(java.lang.Object, int)'> (0x00000000892725a8) 
thrown [s\open\src\hotspot\share\interpreter\linkResolver.cpp, line 774]
Event: 6.914 Thread 0x0000028cb746cf30 Exception <a 'java/lang/NoSuchMethodError'{0x00000000894d0210}: 'java.lang.Object java.lang.invoke.DirectMethodHandle$Holder.newInvokeSpecial(java.lang.Object, java.lang.Object, java.lang.Object, double, double, double, double, int, int, int, int, int, int, int, int, int)'> (0x00000000894d0210) 
thrown [s\open\src\hotspot\share\interpreter\linkResolver.cpp, line 774]
Event: 14.876 Thread 0x0000028cb746cf30 Exception <a 'java/lang/NoSuchMethodError'{0x0000000088712738}: 'java.lang.Object java.lang.invoke.DirectMethodHandle$Holder.newInvokeSpecial(java.lang.Object, java.lang.Object, int, int, int, int, int, java.lang.Object)'> (0x0000000088712738) 
thrown [s\open\src\hotspot\share\interpreter\linkResolver.cpp, line 774]
Event: 14.878 Thread 0x0000028cb746cf30 Exception <a 'java/lang/NoSuchMethodError'{0x00000000887249b8}: 'java.lang.Object java.lang.invoke.DirectMethodHandle$Holder.newInvokeSpecial(java.lang.Object, java.lang.Object, java.lang.Object, int, int, int, int, int)'> (0x00000000887249b8) 
thrown [s\open\src\hotspot\share\interpreter\linkResolver.cpp, line 774]
Event: 14.878 Thread 0x0000028cb746cf30 Exception <a 'java/lang/NoSuchMethodError'{0x000000008872c288}: 'java.lang.Object java.lang.invoke.Invokers$Holder.linkToTargetMethod(java.lang.Object, java.lang.Object, int, int, int, int, int, java.lang.Object)'> (0x000000008872c288) 
thrown [s\open\src\hotspot\share\interpreter\linkResolver.cpp, line 774]

ZGC Phase Switch (0 events):
No events

VM Operations (20 events):
Event: 24.798 Executing VM operation: Cleanup done
Event: 25.799 Executing VM operation: Cleanup
Event: 25.799 Executing VM operation: Cleanup done
Event: 28.799 Executing VM operation: Cleanup
Event: 28.799 Executing VM operation: Cleanup done
Event: 60.116 Executing VM operation: HandshakeAllThreads (HandshakeForDeflation)
Event: 60.117 Executing VM operation: HandshakeAllThreads (HandshakeForDeflation) done
Event: 60.117 Executing VM operation: RendezvousGCThreads
Event: 60.117 Executing VM operation: RendezvousGCThreads done
Event: 94.131 Executing VM operation: Cleanup
Event: 94.131 Executing VM operation: Cleanup done
Event: 98.134 Executing VM operation: Cleanup
Event: 98.134 Executing VM operation: Cleanup done
Event: 100.134 Executing VM operation: Cleanup
Event: 100.135 Executing VM operation: Cleanup done
Event: 103.136 Executing VM operation: Cleanup
Event: 103.136 Executing VM operation: Cleanup done
Event: 105.136 Executing VM operation: Cleanup
Event: 105.137 Executing VM operation: Cleanup done
Event: 109.746 Executing VM operation: Exit

Memory protections (0 events):
No events

Nmethod flushes (0 events):
No events

Events (20 events):
Event: 5.681 Thread 0x0000028cb7473e90 Thread added: 0x0000028cfdeb2e00
Event: 6.620 Thread 0x0000028cfdeb2e00 Thread exited: 0x0000028cfdeb2e00
Event: 6.620 Thread 0x0000028cfdeb5010 Thread exited: 0x0000028cfdeb5010
Event: 6.996 Thread 0x0000028cb7473e90 Thread added: 0x0000028cfdeb3ba0
Event: 7.466 Thread 0x0000028cfdeb3ba0 Thread exited: 0x0000028cfdeb3ba0
Event: 11.794 Thread 0x0000028cb746f820 Thread added: 0x0000028cfdeb8d60
Event: 11.946 Thread 0x0000028cfdeb8d60 Thread exited: 0x0000028cfdeb8d60
Event: 12.253 Thread 0x0000028cb7473e90 Thread added: 0x0000028cfdeb3ba0
Event: 12.506 Thread 0x0000028cfdeb3ba0 Thread exited: 0x0000028cfdeb3ba0
Event: 12.895 Thread 0x0000028cb7473e90 Thread added: 0x0000028cfdeb8690
Event: 13.226 Thread 0x0000028cfdeb8690 Thread exited: 0x0000028cfdeb8690
Event: 102.491 Thread 0x0000028cb7473e90 Thread added: 0x0000028cfdeb2e00
Event: 103.613 Thread 0x0000028cfdeb2e00 Thread exited: 0x0000028cfdeb2e00
Event: 109.743 Thread 0x0000028cb7461f60 Thread added: 0x0000028cfe1a8160
Event: 109.743 Thread 0x0000028cfe1a8160 Thread added: 0x0000028cfe1a87f0
Event: 109.743 Thread 0x0000028cfe1a8160 Thread added: 0x0000028cfe1a4ce0
Event: 109.744 Thread 0x0000028cfe1a87f0 Thread exited: 0x0000028cfe1a87f0
Event: 109.746 Thread 0x0000028cfe1a4ce0 Thread exited: 0x0000028cfe1a4ce0
Event: 109.746 Thread 0x0000028cfe1a8160 Before exit entered
Event: 109.746 Thread 0x0000028cb7461f60 Thread exited: 0x0000028cb7461f60


Dynamic libraries:
0x00007ff7e2820000 - 0x00007ff7e282e000 	C:\Users\PAVILION\.jdks\openjdk-22.0.2\bin\java.exe
0x00007ff930e50000 - 0x00007ff931048000 	C:\Windows\SYSTEM32\ntdll.dll
0x00007ff92feb0000 - 0x00007ff92ff72000 	C:\Windows\System32\KERNEL32.DLL
0x00007ff92eab0000 - 0x00007ff92edae000 	C:\Windows\System32\KERNELBASE.dll
0x00007ff92e780000 - 0x00007ff92e880000 	C:\Windows\System32\ucrtbase.dll
0x00007ff914e70000 - 0x00007ff914e8b000 	C:\Users\PAVILION\.jdks\openjdk-22.0.2\bin\VCRUNTIME140.dll
0x00007ff9122f0000 - 0x00007ff912307000 	C:\Users\PAVILION\.jdks\openjdk-22.0.2\bin\jli.dll
0x00007ff92f080000 - 0x00007ff92f21d000 	C:\Windows\System32\USER32.dll
0x00007ff92e4f0000 - 0x00007ff92e512000 	C:\Windows\System32\win32u.dll
0x00007ff90dbc0000 - 0x00007ff90de5a000 	C:\Windows\WinSxS\amd64_microsoft.windows.common-controls_6595b64144ccf1df_6.0.19041.4355_none_60b8b9eb71f62e16\COMCTL32.dll
0x00007ff92fab0000 - 0x00007ff92fadb000 	C:\Windows\System32\GDI32.dll
0x00007ff92ff80000 - 0x00007ff93001e000 	C:\Windows\System32\msvcrt.dll
0x00007ff92e5b0000 - 0x00007ff92e6c7000 	C:\Windows\System32\gdi32full.dll
0x00007ff92ea10000 - 0x00007ff92eaad000 	C:\Windows\System32\msvcp_win.dll
0x00007ff930040000 - 0x00007ff93006f000 	C:\Windows\System32\IMM32.DLL
0x00007ff924a10000 - 0x00007ff924a1c000 	C:\Users\PAVILION\.jdks\openjdk-22.0.2\bin\vcruntime140_1.dll
0x00007ff8ff0f0000 - 0x00007ff8ff17e000 	C:\Users\PAVILION\.jdks\openjdk-22.0.2\bin\msvcp140.dll
0x00007ff8e5e10000 - 0x00007ff8e6b59000 	C:\Users\PAVILION\.jdks\openjdk-22.0.2\bin\server\jvm.dll
0x00007ff92f220000 - 0x00007ff92f2d1000 	C:\Windows\System32\ADVAPI32.dll
0x00007ff92fae0000 - 0x00007ff92fb7f000 	C:\Windows\System32\sechost.dll
0x00007ff930c30000 - 0x00007ff930d53000 	C:\Windows\System32\RPCRT4.dll
0x00007ff92e880000 - 0x00007ff92e8a7000 	C:\Windows\System32\bcrypt.dll
0x00007ff930bb0000 - 0x00007ff930c1b000 	C:\Windows\System32\WS2_32.dll
0x00007ff92e350000 - 0x00007ff92e39b000 	C:\Windows\SYSTEM32\POWRPROF.dll
0x00007ff921d70000 - 0x00007ff921d7a000 	C:\Windows\SYSTEM32\VERSION.dll
0x00007ff914d40000 - 0x00007ff914d67000 	C:\Windows\SYSTEM32\WINMM.dll
0x00007ff92e330000 - 0x00007ff92e342000 	C:\Windows\SYSTEM32\UMPDC.dll
0x00007ff92ccd0000 - 0x00007ff92cce2000 	C:\Windows\SYSTEM32\kernel.appcore.dll
0x00007ff922af0000 - 0x00007ff922afa000 	C:\Users\PAVILION\.jdks\openjdk-22.0.2\bin\jimage.dll
0x00007ff929000000 - 0x00007ff9291e4000 	C:\Windows\SYSTEM32\DBGHELP.DLL
0x00007ff912bc0000 - 0x00007ff912bf4000 	C:\Windows\SYSTEM32\dbgcore.DLL
0x00007ff92e520000 - 0x00007ff92e5a2000 	C:\Windows\System32\bcryptPrimitives.dll
0x00007ff915000000 - 0x00007ff91500f000 	C:\Users\PAVILION\.jdks\openjdk-22.0.2\bin\instrument.dll
0x00007ff911160000 - 0x00007ff91117e000 	C:\Users\PAVILION\.jdks\openjdk-22.0.2\bin\java.dll
0x00007ff930150000 - 0x00007ff9308bd000 	C:\Windows\System32\SHELL32.dll
0x00007ff92fc60000 - 0x00007ff92fd8b000 	C:\Windows\System32\ole32.dll
0x00007ff92f2e0000 - 0x00007ff92f633000 	C:\Windows\System32\combase.dll
0x00007ff92c510000 - 0x00007ff92ccb4000 	C:\Windows\SYSTEM32\windows.storage.dll
0x00007ff92de50000 - 0x00007ff92de7e000 	C:\Windows\SYSTEM32\Wldp.dll
0x00007ff930930000 - 0x00007ff9309fd000 	C:\Windows\System32\OLEAUT32.dll
0x00007ff930a00000 - 0x00007ff930aad000 	C:\Windows\System32\SHCORE.dll
0x00007ff930070000 - 0x00007ff9300c5000 	C:\Windows\System32\shlwapi.dll
0x00007ff92e420000 - 0x00007ff92e444000 	C:\Windows\SYSTEM32\profapi.dll
0x00007ff8ef1d0000 - 0x00007ff8ef2a7000 	C:\Users\PAVILION\.jdks\openjdk-22.0.2\bin\jsvml.dll
0x00007ff914ed0000 - 0x00007ff914ee0000 	C:\Users\PAVILION\.jdks\openjdk-22.0.2\bin\net.dll
0x00007ff92db60000 - 0x00007ff92dbca000 	C:\Windows\system32\mswsock.dll
0x00007ff90f550000 - 0x00007ff90f566000 	C:\Users\PAVILION\.jdks\openjdk-22.0.2\bin\nio.dll
0x00007ff90eb10000 - 0x00007ff90eb27000 	C:\Users\PAVILION\.jdks\openjdk-22.0.2\bin\zip.dll
0x00007ff90e8d0000 - 0x00007ff90e8ea000 	C:\Program Files\JetBrains\IntelliJ IDEA 2023.1\bin\breakgen64.dll
0x00007ff914e00000 - 0x00007ff914e09000 	C:\Users\PAVILION\.jdks\openjdk-22.0.2\bin\extnet.dll
0x0000028c98dc0000 - 0x0000028c98dc3000 	C:\javafx-sdk-23.0.1\bin\api-ms-win-core-console-l1-1-0.dll
0x0000028c98dd0000 - 0x0000028c98dd3000 	C:\javafx-sdk-23.0.1\bin\api-ms-win-core-console-l1-2-0.dll
0x0000028c98de0000 - 0x0000028c98de3000 	C:\javafx-sdk-23.0.1\bin\api-ms-win-core-datetime-l1-1-0.dll
0x0000028c98df0000 - 0x0000028c98df3000 	C:\javafx-sdk-23.0.1\bin\api-ms-win-core-debug-l1-1-0.dll
0x0000028cb79d0000 - 0x0000028cb79d3000 	C:\javafx-sdk-23.0.1\bin\api-ms-win-core-errorhandling-l1-1-0.dll
0x0000028cb79e0000 - 0x0000028cb79e4000 	C:\javafx-sdk-23.0.1\bin\api-ms-win-core-file-l1-1-0.dll
0x0000028cb79f0000 - 0x0000028cb79f3000 	C:\javafx-sdk-23.0.1\bin\api-ms-win-core-file-l1-2-0.dll
0x0000028cb7a00000 - 0x0000028cb7a03000 	C:\javafx-sdk-23.0.1\bin\api-ms-win-core-file-l2-1-0.dll
0x0000028cb7a10000 - 0x0000028cb7a13000 	C:\javafx-sdk-23.0.1\bin\api-ms-win-core-handle-l1-1-0.dll
0x0000028cb7a20000 - 0x0000028cb7a23000 	C:\javafx-sdk-23.0.1\bin\api-ms-win-core-heap-l1-1-0.dll
0x0000028cb7a30000 - 0x0000028cb7a33000 	C:\javafx-sdk-23.0.1\bin\api-ms-win-core-interlocked-l1-1-0.dll
0x0000028cb7a40000 - 0x0000028cb7a43000 	C:\javafx-sdk-23.0.1\bin\api-ms-win-core-libraryloader-l1-1-0.dll
0x0000028cb7a50000 - 0x0000028cb7a53000 	C:\javafx-sdk-23.0.1\bin\api-ms-win-core-localization-l1-2-0.dll
0x0000028cb7a60000 - 0x0000028cb7a63000 	C:\javafx-sdk-23.0.1\bin\api-ms-win-core-memory-l1-1-0.dll
0x0000028cb7a70000 - 0x0000028cb7a73000 	C:\javafx-sdk-23.0.1\bin\api-ms-win-core-namedpipe-l1-1-0.dll
0x0000028cb7a80000 - 0x0000028cb7a83000 	C:\javafx-sdk-23.0.1\bin\api-ms-win-core-processenvironment-l1-1-0.dll
0x0000028cb7a90000 - 0x0000028cb7a93000 	C:\javafx-sdk-23.0.1\bin\api-ms-win-core-processthreads-l1-1-0.dll
0x0000028cb7aa0000 - 0x0000028cb7aa3000 	C:\javafx-sdk-23.0.1\bin\api-ms-win-core-processthreads-l1-1-1.dll
0x0000028cb7ab0000 - 0x0000028cb7ab3000 	C:\javafx-sdk-23.0.1\bin\api-ms-win-core-profile-l1-1-0.dll
0x0000028cb7ac0000 - 0x0000028cb7ac3000 	C:\javafx-sdk-23.0.1\bin\api-ms-win-core-rtlsupport-l1-1-0.dll
0x0000028cb7ad0000 - 0x0000028cb7ad3000 	C:\javafx-sdk-23.0.1\bin\api-ms-win-core-string-l1-1-0.dll
0x0000028cb7ae0000 - 0x0000028cb7ae3000 	C:\javafx-sdk-23.0.1\bin\api-ms-win-core-synch-l1-1-0.dll
0x0000028cb7af0000 - 0x0000028cb7af3000 	C:\javafx-sdk-23.0.1\bin\api-ms-win-core-synch-l1-2-0.dll
0x0000028cb7b00000 - 0x0000028cb7b03000 	C:\javafx-sdk-23.0.1\bin\api-ms-win-core-sysinfo-l1-1-0.dll
0x0000028cb7c50000 - 0x0000028cb7c53000 	C:\javafx-sdk-23.0.1\bin\api-ms-win-core-timezone-l1-1-0.dll
0x0000028cb7b10000 - 0x0000028cb7b13000 	C:\javafx-sdk-23.0.1\bin\api-ms-win-core-util-l1-1-0.dll
0x0000028cb7b20000 - 0x0000028cb7b23000 	C:\javafx-sdk-23.0.1\bin\api-ms-win-crt-conio-l1-1-0.dll
0x0000028cb7b30000 - 0x0000028cb7b34000 	C:\javafx-sdk-23.0.1\bin\api-ms-win-crt-convert-l1-1-0.dll
0x0000028cb7b40000 - 0x0000028cb7b43000 	C:\javafx-sdk-23.0.1\bin\api-ms-win-crt-environment-l1-1-0.dll
0x0000028cb7b50000 - 0x0000028cb7b53000 	C:\javafx-sdk-23.0.1\bin\api-ms-win-crt-filesystem-l1-1-0.dll
0x0000028cb7b60000 - 0x0000028cb7b63000 	C:\javafx-sdk-23.0.1\bin\api-ms-win-crt-heap-l1-1-0.dll
0x0000028cb7b70000 - 0x0000028cb7b73000 	C:\javafx-sdk-23.0.1\bin\api-ms-win-crt-locale-l1-1-0.dll
0x0000028cb7b80000 - 0x0000028cb7b85000 	C:\javafx-sdk-23.0.1\bin\api-ms-win-crt-math-l1-1-0.dll
0x0000028cb7b90000 - 0x0000028cb7b95000 	C:\javafx-sdk-23.0.1\bin\api-ms-win-crt-multibyte-l1-1-0.dll
0x0000028cb7ba0000 - 0x0000028cb7bb0000 	C:\javafx-sdk-23.0.1\bin\api-ms-win-crt-private-l1-1-0.dll
0x0000028cb7bb0000 - 0x0000028cb7bb3000 	C:\javafx-sdk-23.0.1\bin\api-ms-win-crt-process-l1-1-0.dll
0x0000028cb7bc0000 - 0x0000028cb7bc4000 	C:\javafx-sdk-23.0.1\bin\api-ms-win-crt-runtime-l1-1-0.dll
0x0000028cb7bd0000 - 0x0000028cb7bd4000 	C:\javafx-sdk-23.0.1\bin\api-ms-win-crt-stdio-l1-1-0.dll
0x0000028cb7be0000 - 0x0000028cb7be4000 	C:\javafx-sdk-23.0.1\bin\api-ms-win-crt-string-l1-1-0.dll
0x0000028cb7bf0000 - 0x0000028cb7bf3000 	C:\javafx-sdk-23.0.1\bin\api-ms-win-crt-time-l1-1-0.dll
0x0000028cb7c00000 - 0x0000028cb7c03000 	C:\javafx-sdk-23.0.1\bin\api-ms-win-crt-utility-l1-1-0.dll
0x00007ff8ea2d0000 - 0x00007ff8ea3cc000 	C:\javafx-sdk-23.0.1\bin\ucrtbase.dll
0x00007ff90cfa0000 - 0x00007ff90cfbb000 	C:\javafx-sdk-23.0.1\bin\vcruntime140.dll
0x00007ff913ab0000 - 0x00007ff913abc000 	C:\javafx-sdk-23.0.1\bin\vcruntime140_1.dll
0x00007ff8fb620000 - 0x00007ff8fb6ae000 	C:\javafx-sdk-23.0.1\bin\msvcp140.dll
0x00007ff911150000 - 0x00007ff911159000 	C:\javafx-sdk-23.0.1\bin\msvcp140_1.dll
0x00007ff8fea10000 - 0x00007ff8fea51000 	C:\javafx-sdk-23.0.1\bin\msvcp140_2.dll
0x00007ff8ff730000 - 0x00007ff8ff760000 	C:\javafx-sdk-23.0.1\bin\prism_d3d.dll
0x00007ff8e8550000 - 0x00007ff8e8721000 	C:\Windows\system32\d3d9.dll
0x00007ff928e20000 - 0x00007ff928e4f000 	C:\Windows\SYSTEM32\dwmapi.dll
0x00007ff928a50000 - 0x00007ff928aee000 	C:\Windows\system32\uxtheme.dll
0x00007ff8e7f00000 - 0x00007ff8e8063000 	C:\Windows\System32\DriverStore\FileRepository\iigd_dch.inf_amd64_da9e7901301fc70a\igdumdim64.dll
0x00007ff8e10d0000 - 0x00007ff8e4ad4000 	C:\Windows\System32\DriverStore\FileRepository\iigd_dch.inf_amd64_da9e7901301fc70a\igd9dxva64.dll
0x00007ff92f640000 - 0x00007ff92faae000 	C:\Windows\System32\SETUPAPI.dll
0x00007ff92edb0000 - 0x00007ff92edfe000 	C:\Windows\System32\cfgmgr32.dll
0x00007ff91b2f0000 - 0x00007ff91b52f000 	C:\Windows\System32\DriverStore\FileRepository\iigd_dch.inf_amd64_da9e7901301fc70a\igdgmm64.dll
0x00007ff8fb580000 - 0x00007ff8fb5c5000 	C:\javafx-sdk-23.0.1\bin\glass.dll
0x00007ff92fb80000 - 0x00007ff92fc5a000 	C:\Windows\System32\COMDLG32.dll
0x00007ff92fd90000 - 0x00007ff92fea5000 	C:\Windows\System32\MSCTF.dll
0x00007ff90c980000 - 0x00007ff90c9a7000 	C:\Windows\System32\DriverStore\FileRepository\iigd_dch.inf_amd64_da9e7901301fc70a\igdinfo64.dll
0x00007ff918680000 - 0x00007ff91b2e2000 	C:\Windows\System32\DriverStore\FileRepository\iigd_dch.inf_amd64_da9e7901301fc70a\igc64.dll
0x00007ff91e960000 - 0x00007ff91e99b000 	C:\Windows\SYSTEM32\dxcore.dll
0x00007ff930d60000 - 0x00007ff930e09000 	C:\Windows\System32\clbcatq.dll
0x00007ff8fe8d0000 - 0x00007ff8fea0f000 	C:\Windows\System32\Windows.UI.dll
0x00007ff921c60000 - 0x00007ff921d01000 	C:\Windows\System32\WindowManagementAPI.dll
0x00007ff8fe290000 - 0x00007ff8fe3e2000 	C:\Windows\System32\InputHost.dll
0x00007ff8fe7d0000 - 0x00007ff8fe8c9000 	C:\Windows\System32\TextInputFramework.dll
0x00007ff922060000 - 0x00007ff922263000 	C:\Windows\SYSTEM32\twinapi.appcore.dll
0x00007ff9279f0000 - 0x00007ff927b47000 	C:\Windows\SYSTEM32\wintypes.dll
0x00007ff9268a0000 - 0x00007ff926992000 	C:\Windows\System32\CoreMessaging.dll
0x00007ff926360000 - 0x00007ff9266bb000 	C:\Windows\System32\CoreUIComponents.dll
0x00007ff928360000 - 0x00007ff928456000 	C:\Windows\System32\PROPSYS.dll
0x00007ff92d6e0000 - 0x00007ff92d713000 	C:\Windows\SYSTEM32\ntmarta.dll
0x00007ff8fe590000 - 0x00007ff8fe6c8000 	C:\Windows\System32\Windows.UI.Immersive.dll
0x00007ff8ff660000 - 0x00007ff8ff675000 	C:\javafx-sdk-23.0.1\bin\javafx_font.dll
0x00007ff8fdd60000 - 0x00007ff8fdfdf000 	C:\Windows\SYSTEM32\dwrite.dll
0x00007ff928810000 - 0x00007ff9289c4000 	C:\Windows\SYSTEM32\WindowsCodecs.dll
0x00007ff8fe250000 - 0x00007ff8fe28e000 	C:\Windows\system32\dataexchange.dll

dbghelp: loaded successfully - version: 4.0.5 - missing functions: none
symbol engine: initialized successfully - sym options: 0x614 - pdb path: .;C:\Users\PAVILION\.jdks\openjdk-22.0.2\bin;C:\Windows\SYSTEM32;C:\Windows\WinSxS\amd64_microsoft.windows.common-controls_6595b64144ccf1df_6.0.19041.4355_none_60b8b9eb71f62e16;C:\Users\PAVILION\.jdks\openjdk-22.0.2\bin\server;C:\Program Files\JetBrains\IntelliJ IDEA 2023.1\bin;C:\javafx-sdk-23.0.1\bin;C:\Windows\System32\DriverStore\FileRepository\iigd_dch.inf_amd64_da9e7901301fc70a;C:\Program Files\Common Files\Microsoft Shared\Ink

VM Arguments:
jvm_args: --module-path=C:\javafx-sdk-23.0.1\lib --add-modules=javafx.controls,javafx.fxml -javaagent:C:\Program Files\JetBrains\IntelliJ IDEA 2023.1\lib\idea_rt.jar=61521:C:\Program Files\JetBrains\IntelliJ IDEA 2023.1\bin -Dfile.encoding=UTF-8 -Dsun.stdout.encoding=UTF-8 -Dsun.stderr.encoding=UTF-8 
java_command: Main
java_class_path (initial): C:\Users\PAVILION\Desktop\Coding\Java-Python\FamilyBudget2\FamilyBudget2\out\production\FamilyBudget2;C:\javafx-sdk-23.0.1\lib\javafx-swt.jar;C:\javafx-sdk-23.0.1\lib\javafx.web.jar;C:\javafx-sdk-23.0.1\lib\javafx.base.jar;C:\javafx-sdk-23.0.1\lib\javafx.fxml.jar;C:\javafx-sdk-23.0.1\lib\javafx.media.jar;C:\javafx-sdk-23.0.1\lib\javafx.swing.jar;C:\javafx-sdk-23.0.1\lib\javafx.controls.jar;C:\javafx-sdk-23.0.1\lib\javafx.graphics.jar
Launcher Type: SUN_STANDARD

[Global flags]
     intx CICompilerCount                          = 4                                         {product} {ergonomic}
     uint ConcGCThreads                            = 2                                         {product} {ergonomic}
     uint G1ConcRefinementThreads                  = 8                                         {product} {ergonomic}
   size_t G1HeapRegionSize                         = 1048576                                   {product} {ergonomic}
   size_t InitialHeapSize                          = 132120576                                 {product} {ergonomic}
   size_t MarkStackSize                            = 4194304                                   {product} {ergonomic}
   size_t MaxHeapSize                              = 2090860544                                {product} {ergonomic}
   size_t MaxNewSize                               = 1254096896                                {product} {ergonomic}
   size_t MinHeapDeltaBytes                        = 1048576                                   {product} {ergonomic}
   size_t MinHeapSize                              = 8388608                                   {product} {ergonomic}
    uintx NonNMethodCodeHeapSize                   = 5839372                                {pd product} {ergonomic}
    uintx NonProfiledCodeHeapSize                  = 122909434                              {pd product} {ergonomic}
    uintx ProfiledCodeHeapSize                     = 122909434                              {pd product} {ergonomic}
    uintx ReservedCodeCacheSize                    = 251658240                              {pd product} {ergonomic}
     bool SegmentedCodeCache                       = true                                      {product} {ergonomic}
   size_t SoftMaxHeapSize                          = 2090860544                             {manageable} {ergonomic}
     bool UseCompressedOops                        = true                           {product lp64_product} {ergonomic}
     bool UseG1GC                                  = true                                      {product} {ergonomic}
     bool UseLargePagesIndividualAllocation        = false                                  {pd product} {ergonomic}

Logging:
Log output configuration:
 #0: stdout all=off uptime,level,tags foldmultilines=false
 #1: stderr all=off uptime,level,tags foldmultilines=false

Environment Variables:
PATH=C:\Windows\system32;C:\Windows;C:\Windows\System32\Wbem;C:\Windows\System32\WindowsPowerShell\v1.0\;C:\Windows\System32\OpenSSH\;C:\Program Files\Git\cmd;C:\opencv-490\opencv\build\x64\vc16\lib\bin;C:\Strawberry\c\bin;C:\Strawberry\perl\site\bin;C:\Strawberry\perl\bin;C:\Program Files (x86)\Windows Kits\10\Windows Performance Toolkit\;C:\Program Files\CMake\bin;C:\Users\PAVILION\Desktop\Coding\web\phpNTS;C:\composer;C:\Users\PAVILION\miniconda3;C:\Users\PAVILION\miniconda3\Scripts;C:\Users\PAVILION\miniconda3\Library\bin;C:\Program Files\nodejs\;C:\Program Files\Conan\conan;C:\Users\PAVILION\AppData\Local\Programs\Python\Python310\Scripts\;C:\Users\PAVILION\AppData\Local\Programs\Python\Python310\;C:\Users\PAVILION\AppData\Local\Microsoft\WindowsApps;C:\Users\PAVILION\AppData\Local\Programs\Microsoft VS Code\bin;C:\Program Files\JetBrains\CLion 2023.1.1\bin;C:\Users\PAVILION\AppData\Local\Programs\MiKTeX\miktex\bin\x64\;C:\Program Files\JetBrains\PhpStorm 2023.3.2\bin;C:\opencv-490\opencv\build\x64\vc16\bin;C:\Users\PAVILION\AppData\Roaming\Composer\vendor\bin;C:\Users\PAVILION\AppData\Local\JetBrains\Toolbox\scripts;;C:\Program Files\JetBrains\IntelliJ IDEA 2023.1\bin;;C:\Users\PAVILION\AppData\Roaming\npm
USERNAME=User
OS=Windows_NT
PROCESSOR_IDENTIFIER=Intel64 Family 6 Model 126 Stepping 5, GenuineIntel
TMP=C:\Users\PAVILION\AppData\Local\Temp
TEMP=C:\Users\PAVILION\AppData\Local\Temp




Periodic native trim disabled

---------------  S Y S T E M  ---------------

OS:
 Windows 10 , 64 bit Build 19041 (10.0.19041.5198)
OS uptime: 0 days 14:43 hours
Hyper-V role detected

CPU: total 8 (initial active 8) (4 cores per cpu, 2 threads per core) family 6 model 126 stepping 5 microcode 0xa6, cx8, cmov, fxsr, ht, mmx, 3dnowpref, sse, sse2, sse3, ssse3, sse4.1, sse4.2, popcnt, lzcnt, tsc, tscinvbit, avx, avx2, aes, erms, clmul, bmi1, bmi2, adx, avx512f, avx512dq, avx512cd, avx512bw, avx512vl, sha, fma, vzeroupper, avx512_vpopcntdq, avx512_vpclmulqdq, avx512_vaes, avx512_vnni, clflush, clflushopt, avx512_vbmi2, avx512_vbmi, hv, rdtscp, rdpid, fsrm, gfni, avx512_bitalg, f16c, avx512_ifma
Processor Information for all 8 processors :
  Max Mhz: 1190, Current Mhz: 991, Mhz Limit: 987

Memory: 4k page, system-wide physical 7969M (1188M free)
TotalPageFile size 10289M (AvailPageFile size 1319M)
current process WorkingSet (physical memory assigned to process): 205M, peak: 217M
current process commit charge ("private bytes"): 308M, peak: 321M

vm_info: OpenJDK 64-Bit Server VM (22.0.2+9-70) for windows-amd64 JRE (22.0.2+9-70), built on 2024-06-04T16:52:23Z by "mach5one" with MS VC++ 17.6 (VS2022)

END.
